<?xml version="1.0" encoding="UTF-8"?>
<!-- Generated by org.testng.reporters.JUnitXMLReporter -->
<testsuite ignored="0" hostname="IQTLAPTOP-186" failures="0" tests="5" name="LanguageUserOnBoard" time="30.875" errors="0" timestamp="2022-06-03T16:57:21 IST">
  <testcase classname="com.quantela.testscripts.UI.LanguageChange.LanguageUserOnBoardTest" name="applicationSignIn" time="6.983"/>
  <testcase classname="com.quantela.testscripts.UI.LanguageChange.LanguageUserOnBoardTest" name="langaugedropdownDisplayHomePage" time="8.988"/>
  <testcase classname="com.quantela.testscripts.UI.LanguageChange.LanguageUserOnBoardTest" name="languageDropdownEnableHomePage" time="0.035"/>
  <testcase classname="com.quantela.testscripts.UI.LanguageChange.LanguageUserOnBoardTest" name="languageChangeHomePage" time="6.755"/>
  <testcase classname="com.quantela.testscripts.UI.LanguageChange.LanguageUserOnBoardTest" name="labelCheckHomePage" time="8.1"/>
</testsuite> <!-- LanguageUserOnBoard -->
