<?xml version="1.0" encoding="UTF-8"?>
<!-- Generated by org.testng.reporters.JUnitXMLReporter -->
<testsuite ignored="0" hostname="IQTLAPTOP-186" failures="0" tests="3" name="LanguageSignIn" time="21.761" errors="0" timestamp="2022-05-10T16:56:19 IST">
  <testcase classname="com.quantela.testscripts.UI.LanguageChange.LanguageLogInTest" name="langaugedropdownDisplayLogin" time="18.286"/>
  <testcase classname="com.quantela.testscripts.UI.LanguageChange.LanguageLogInTest" name="languageDropdownEnableLogin" time="0.043"/>
  <testcase classname="com.quantela.testscripts.UI.LanguageChange.LanguageLogInTest" name="languageChangeLogin" time="3.352"/>
</testsuite> <!-- LanguageSignIn -->
