<?xml version="1.0" encoding="UTF-8"?>
<!-- Generated by org.testng.reporters.JUnitXMLReporter -->
<testsuite ignored="0" hostname="IQTLAPTOP-186" failures="0" tests="5" name="LanguageForgotPassword" time="28.228" errors="0" timestamp="2022-06-03T16:56:49 IST">
  <testcase classname="com.quantela.testscripts.UI.LanguageChange.LanguageForgotPasswordTest" name="forgotPasswordLinkClick" time="8.344"/>
  <testcase classname="com.quantela.testscripts.UI.LanguageChange.LanguageForgotPasswordTest" name="langaugedropdownDisplayForgotPassword" time="3.089"/>
  <testcase classname="com.quantela.testscripts.UI.LanguageChange.LanguageForgotPasswordTest" name="languageDropdownEnableForgotPassword" time="0.032"/>
  <testcase classname="com.quantela.testscripts.UI.LanguageChange.LanguageForgotPasswordTest" name="languageChangeForgotPassword" time="8.607"/>
  <testcase classname="com.quantela.testscripts.UI.LanguageChange.LanguageForgotPasswordTest" name="labelCheckForgotPassword" time="8.135"/>
</testsuite> <!-- LanguageForgotPassword -->
