<?xml version="1.0" encoding="UTF-8"?>
<!-- Generated by org.testng.reporters.JUnitXMLReporter -->
<testsuite ignored="0" hostname="IQTLAPTOP-186" failures="0" tests="5" name="LanguageLogIn" time="124.397" errors="0" timestamp="2022-06-03T16:56:20 IST">
  <testcase classname="com.quantela.testscripts.UI.LanguageChange.LanguageLogInTest" name="tenantActiveLanguages" time="104.77"/>
  <testcase classname="com.quantela.testscripts.UI.LanguageChange.LanguageLogInTest" name="langaugedropdownDisplayLogin" time="5.126"/>
  <testcase classname="com.quantela.testscripts.UI.LanguageChange.LanguageLogInTest" name="languageDropdownEnableLogin" time="0.034"/>
  <testcase classname="com.quantela.testscripts.UI.LanguageChange.LanguageLogInTest" name="languageChangeLogin" time="9.235"/>
  <testcase classname="com.quantela.testscripts.UI.LanguageChange.LanguageLogInTest" name="labelCheckLogin" time="5.063"/>
</testsuite> <!-- LanguageLogIn -->
