<?xml version="1.0" encoding="UTF-8"?>
<!-- Generated by org.testng.reporters.JUnitXMLReporter -->
<testsuite ignored="0" hostname="IQTLAPTOP-186" failures="0" tests="7" name="LanguagePublicDashboard" time="96.61" errors="0" timestamp="2022-06-03T16:59:01 IST">
  <testcase classname="com.quantela.testscripts.UI.LanguageChange.LanguagePublicDashboardTest" name="dashboardCreation" time="12.352"/>
  <testcase classname="com.quantela.testscripts.UI.LanguageChange.LanguagePublicDashboardTest" name="publicDashboardNavigation" time="61.996"/>
  <testcase classname="com.quantela.testscripts.UI.LanguageChange.LanguagePublicDashboardTest" name="langaugedropdownDisplayPublic" time="3.1"/>
  <testcase classname="com.quantela.testscripts.UI.LanguageChange.LanguagePublicDashboardTest" name="languageDropdownEnablePublic" time="0.062"/>
  <testcase classname="com.quantela.testscripts.UI.LanguageChange.LanguagePublicDashboardTest" name="languageChangePublic" time="5.636"/>
  <testcase classname="com.quantela.testscripts.UI.LanguageChange.LanguagePublicDashboardTest" name="labelCheckPublic" time="8.143"/>
  <testcase classname="com.quantela.testscripts.UI.LanguageChange.LanguagePublicDashboardTest" name="browserclose" time="5.298"/>
</testsuite> <!-- LanguagePublicDashboard -->
