<?xml version="1.0" encoding="UTF-8"?>
<!-- Generated by org.testng.reporters.JUnitXMLReporter -->
<testsuite ignored="5" hostname="IQTLAPTOP-186" failures="0" tests="1" name="Default test" time="100.909" errors="0" timestamp="2022-05-27T15:55:50 IST">
  <testcase classname="com.quantela.testscripts.UI.LanguageChange.LanguagePublicDashboardTest" name="dashboardCreation" time="100.869"/>
  <testcase classname="com.quantela.testscripts.UI.LanguageChange.LanguagePublicDashboardTest" name="labelCheckPublic" time="0.0">
    <ignored/>
  </testcase> <!-- labelCheckPublic -->
  <testcase classname="com.quantela.testscripts.UI.LanguageChange.LanguagePublicDashboardTest" name="languageDropdownEnablePublic" time="0.0">
    <ignored/>
  </testcase> <!-- languageDropdownEnablePublic -->
  <testcase classname="com.quantela.testscripts.UI.LanguageChange.LanguagePublicDashboardTest" name="publicDashboardNavigation" time="0.0">
    <ignored/>
  </testcase> <!-- publicDashboardNavigation -->
  <testcase classname="com.quantela.testscripts.UI.LanguageChange.LanguagePublicDashboardTest" name="langaugedropdownDisplayPublic" time="0.0">
    <ignored/>
  </testcase> <!-- langaugedropdownDisplayPublic -->
  <testcase classname="com.quantela.testscripts.UI.LanguageChange.LanguagePublicDashboardTest" name="languageChangePublic" time="0.0">
    <ignored/>
  </testcase> <!-- languageChangePublic -->
</testsuite> <!-- Default test -->
